<?xml version="1.0" encoding="UTF-8"?>
<!-- Generated by org.testng.reporters.JUnitReportReporter -->
<testsuite hostname="LAPTOP-FAREL36J" failures="0" tests="8" name="com.TestApi.testcases.TC001_Get_All_Employees" time="0.036" errors="0" timestamp="2021-12-18T19:25:01 IST" skipped="0">
  <testcase classname="com.TestApi.testcases.TC001_Get_All_Employees" name="statusCode" time="0.003"/>
  <system-out/>
  <testcase classname="com.TestApi.testcases.TC001_Get_All_Employees" name="getCookies" time="0.001"/>
  <system-out/>
  <testcase classname="com.TestApi.testcases.TC001_Get_All_Employees" name="checkStatusLine" time="0.001"/>
  <system-out/>
  <testcase classname="com.TestApi.testcases.TC001_Get_All_Employees" name="contentEncoding" time="0.001"/>
  <system-out/>
  <testcase classname="com.TestApi.testcases.TC001_Get_All_Employees" name="checkContentType" time="0.011"/>
  <system-out/>
  <testcase classname="com.TestApi.testcases.TC001_Get_All_Employees" name="checkResponseBody" time="0.016"/>
  <system-out/>
  <testcase classname="com.TestApi.testcases.TC001_Get_All_Employees" name="checkserverType" time="0.001"/>
  <system-out/>
  <testcase classname="com.TestApi.testcases.TC001_Get_All_Employees" name="checkResponseTime" time="0.002"/>
  <system-out/>
</testsuite> <!-- com.TestApi.testcases.TC001_Get_All_Employees -->
